┌ Info: Model Params: 
│ days:           1
│ ts/day (dt):    0.01
│ total ts (nt):  100                    
│ recorded ts:    100 
│ nn:             1                    
│ np:             6                     
│ nz:             3        
│ nb:             13    
│ nv:             13      
│ nd:             8    
│ nIC:            20.0                        
│ pIC:            0.01
│ zIC:            0.01
│ bIC:            0.01
│ dIC:            0.1
│ vIC:            0.1
│ oIC:            100.0
│ vmax_i:         [0.5, 2.0, 4.0, 7.0, 10.0, 15.0]
│ vmax_ij:        [0.1 1.0 4.0 9.520000000000001 15.8 27.3]
│ umax_i:         [1.0, 1.0, 1.0, 1.0, 1.0, 1.0, 1.0, 1.0]
│ umax_ij:        [10.0 0.0 0.0 0.0 0.0 0.0 0.0 0.0 0.0 0.0 0.0 0.0 0.0; 0.0 1.0 0.0 0.0 0.0 0.0 0.0 0.0 0.0 0.0 0.0 0.0 0.0; 0.0 0.0 0.1 0.0 0.0 0.0 0.0 0.0 0.0 0.0 0.0 0.0 0.0; 0.0 0.0 0.0 32.0 0.0 0.0 0.0 0.0 22.0 0.0 0.0 0.0 0.0; 0.0 0.0 0.0 0.0 5.6 0.0 0.0 0.0 0.0 4.0 0.0 0.0 0.0; 0.0 0.0 0.0 0.0 0.0 1.0 0.0 0.0 0.0 0.0 0.71 0.0 0.0; 0.0 0.0 0.0 0.0 0.0 0.0 0.18 0.0 0.0 0.0 0.0 0.13 0.0; 0.0 0.0 0.0 0.0 0.0 0.0 0.0 0.029 0.0 0.0 0.0 0.0 0.022]
│ Kp_i:           [0.05, 0.2, 0.4, 0.7, 1.0, 1.5]
│ Kp_ij:          [0.005555555555555556 0.06666666666666667 0.4 1.4875000000000005 3.7619047619047628 15.166666666666673]
│ Km_i:           [0.1, 0.1, 0.1, 0.1, 0.1, 0.1, 0.1, 0.1]
│ Km_ij:          [0.54 0.0 0.0 0.0 0.0 0.0 0.0 0.0 0.0 0.0 0.0 0.0 0.0; 0.0 0.054 0.0 0.0 0.0 0.0 0.0 0.0 0.0 0.0 0.0 0.0 0.0; 0.0 0.0 0.0054 0.0 0.0 0.0 0.0 0.0 0.0 0.0 0.0 0.0 0.0; 0.0 0.0 0.0 1.54 0.0 0.0 0.0 0.0 0.7 0.0 0.0 0.0 0.0; 0.0 0.0 0.0 0.0 0.28 0.0 0.0 0.0 0.0 0.124 0.0 0.0 0.0; 0.0 0.0 0.0 0.0 0.0 0.048 0.0 0.0 0.0 0.0 0.022 0.0 0.0; 0.0 0.0 0.0 0.0 0.0 0.0 0.0086 0.0 0.0 0.0 0.0 0.004 0.0; 0.0 0.0 0.0 0.0 0.0 0.0 0.0 0.00154 0.0 0.0 0.0 0.0 0.0007]
│ y_ij:           0.3
│ K_g:            1.0
│ g_max:          1.6
│ γ:              0.3
│ m_lp:           0.1
│ m_qp:           0.1
│ m_lb:           0.1
│ m_qb:           0.05
│ m_lz:           0.1
│ m_qz:           0.5
│ wd:             [0.0 0.0 0.0 0.0 0.0 0.0 0.0 0.0; 10.0 10.0 10.0 0.0 0.0 0.0 0.0 0.0; 10.0 10.0 10.0 0.0 0.0 0.0 0.0 0.0; 10.0 10.0 10.0 0.0 0.0 0.0 0.0 0.0; 10.0 10.0 10.0 0.0 0.0 0.0 0.0 0.0; 10.0 10.0 10.0 0.0 0.0 0.0 0.0 0.0; 10.0 10.0 10.0 0.0 0.0 0.0 0.0 0.0; 10.0 10.0 10.0 0.0 0.0 0.0 0.0 0.0; 10.0 10.0 10.0 0.0 0.0 0.0 0.0 0.0; 10.0 10.0 10.0 0.0 0.0 0.0 0.0 0.0; 10.0 10.0 10.0 0.0 0.0 0.0 0.0 0.0; 10.0 10.0 10.0 0.0 0.0 0.0 0.0 0.0; 10.0 10.0 10.0 0.0 0.0 0.0 0.0 0.0; 10.0 10.0 10.0 0.0 0.0 0.0 0.0 0.0; 10.0 10.0 10.0 0.0 0.0 0.0 0.0 0.0; 10.0 10.0 10.0 0.0 0.0 0.0 0.0 0.0; 10.0 10.0 10.0 0.0 0.0 0.0 0.0 0.0; 10.0 10.0 10.0 0.0 0.0 0.0 0.0 0.0; 10.0 10.0 10.0 0.0 0.0 0.0 0.0 0.0; 10.0 10.0 10.0 0.0 0.0 0.0 0.0 0.0; 10.0 10.0 10.0 0.0 0.0 0.0 0.0 0.0; 10.0 10.0 10.0 0.0 0.0 0.0 0.0 0.0; 10.0 10.0 10.0 0.0 0.0 0.0 0.0 0.0; 10.0 10.0 10.0 0.0 0.0 0.0 0.0 0.0; 10.0 10.0 10.0 0.0 0.0 0.0 0.0 0.0; 10.0 10.0 10.0 0.0 0.0 0.0 0.0 0.0; 10.0 10.0 10.0 0.0 0.0 0.0 0.0 0.0; 10.0 10.0 10.0 0.0 0.0 0.0 0.0 0.0; 10.0 10.0 10.0 0.0 0.0 0.0 0.0 0.0; 10.0 10.0 10.0 0.0 0.0 0.0 0.0 0.0; 10.0 10.0 10.0 0.0 0.0 0.0 0.0 0.0; 10.0 10.0 10.0 0.0 0.0 0.0 0.0 0.0; 10.0 10.0 10.0 0.0 0.0 0.0 0.0 0.0; 10.0 10.0 10.0 0.0 0.0 0.0 0.0 0.0; 10.0 10.0 10.0 0.0 0.0 0.0 0.0 0.0; 10.0 10.0 10.0 0.0 0.0 0.0 0.0 0.0; 10.0 10.0 10.0 0.0 0.0 0.0 0.0 0.0; 10.0 10.0 10.0 0.0 0.0 0.0 0.0 0.0; 10.0 10.0 10.0 0.0 0.0 0.0 0.0 0.0; 10.0 10.0 10.0 0.0 0.0 0.0 0.0 0.0; 10.0 10.0 10.0 0.0 0.0 0.0 0.0 0.0; 10.0 10.0 10.0 0.0 0.0 0.0 0.0 0.0; 10.0 10.0 10.0 0.0 0.0 0.0 0.0 0.0; 10.0 10.0 10.0 0.0 0.0 0.0 0.0 0.0; 10.0 10.0 10.0 0.0 0.0 0.0 0.0 0.0; 10.0 10.0 10.0 0.0 0.0 0.0 0.0 0.0; 10.0 10.0 10.0 0.0 0.0 0.0 0.0 0.0; 10.0 10.0 10.0 0.0 0.0 0.0 0.0 0.0; 10.0 10.0 10.0 0.0 0.0 0.0 0.0 0.0; 10.0 10.0 10.0 0.0 0.0 0.0 0.0 0.0; 10.0 10.0 10.0 0.0 0.0 0.0 0.0 0.0; 10.0 10.0 10.0 0.0 0.0 0.0 0.0 0.0; 10.0 10.0 10.0 0.0 0.0 0.0 0.0 0.0; 10.0 10.0 10.0 0.0 0.0 0.0 0.0 0.0; 10.0 10.0 10.0 0.0 0.0 0.0 0.0 0.0; 10.0 10.0 10.0 0.0 0.0 0.0 0.0 0.0; 10.0 10.0 10.0 0.0 0.0 0.0 0.0 0.0; 10.0 10.0 10.0 0.0 0.0 0.0 0.0 0.0; 10.0 10.0 10.0 0.0 0.0 0.0 0.0 0.0; 10.0 10.0 10.0 0.0 0.0 0.0 0.0 0.0; 10.0 10.0 10.0 0.0 0.0 0.0 0.0 0.0; 10.0 10.0 10.0 0.0 0.0 0.0 0.0 0.0; 10.0 10.0 10.0 0.0 0.0 0.0 0.0 0.0; 10.0 10.0 10.0 0.0 0.0 0.0 0.0 0.0; 10.0 10.0 10.0 0.0 0.0 0.0 0.0 0.0; 10.0 10.0 10.0 0.0 0.0 0.0 0.0 0.0; 10.0 10.0 10.0 0.0 0.0 0.0 0.0 0.0; 10.0 10.0 10.0 0.0 0.0 0.0 0.0 0.0; 10.0 10.0 10.0 0.0 0.0 0.0 0.0 0.0; 10.0 10.0 10.0 0.0 0.0 0.0 0.0 0.0; 10.0 10.0 10.0 0.0 0.0 0.0 0.0 0.0; 10.0 10.0 10.0 0.0 0.0 0.0 0.0 0.0; 10.0 10.0 10.0 0.0 0.0 0.0 0.0 0.0; 10.0 10.0 10.0 0.0 0.0 0.0 0.0 0.0; 10.0 10.0 10.0 0.0 0.0 0.0 0.0 0.0; 10.0 10.0 10.0 0.0 0.0 0.0 0.0 0.0; 10.0 10.0 10.0 0.0 0.0 0.0 0.0 0.0; 10.0 10.0 10.0 0.0 0.0 0.0 0.0 0.0; 10.0 10.0 10.0 0.0 0.0 0.0 0.0 0.0; 10.0 10.0 10.0 0.0 0.0 0.0 0.0 0.0; 10.0 10.0 10.0 0.0 0.0 0.0 0.0 0.0; 10.0 10.0 10.0 0.0 0.0 0.0 0.0 0.0; 10.0 10.0 10.0 0.0 0.0 0.0 0.0 0.0; 10.0 10.0 10.0 0.0 0.0 0.0 0.0 0.0; 10.0 10.0 10.0 0.0 0.0 0.0 0.0 0.0; 10.0 10.0 10.0 0.0 0.0 0.0 0.0 0.0; 10.0 10.0 10.0 0.0 0.0 0.0 0.0 0.0; 10.0 10.0 10.0 0.0 0.0 0.0 0.0 0.0; 10.0 10.0 10.0 0.0 0.0 0.0 0.0 0.0; 0.0 0.0 0.0 0.0 0.0 0.0 0.0 0.0]
│ Fg_p:           [0.1, 0.25, 0.5, 0.68, 0.79, 0.91]
│ Fg_b:           [1.0, 1.0, 1.0, 1.0, 1.0, 1.0, 1.0, 1.0, 1.0, 1.0, 1.0, 1.0, 1.0]
│ light half sat: 10.0
│ pulse (1=no)    1  
│ om_dist_mort:   [0.06, 0.19, 0.06, 0.02, 0.13, 0.39, 0.13, 0.02]
│ om_dist_lys:    [0.0, 0.0, 0.0, 0.4, 0.3, 0.1, 0.0, 0.2]
│ om_dist_vde:    [0.0, 0.0, 0.0, 0.7, 0.3, 0.0, 0.0, 0.0]
│ vly:            1.2
│ vde:            0.17
│ season (1=win)  1 
│ lysis (1=exp)   1
│ savefile:       results/outfiles/240430_00:56_Wi100yNP_6P3Z13B8D13V.nc
└ @ Main.NPZBDV_1D /home/lee/Dropbox/Development/NPZBDV_1D/src/utils/utils.jl:191
